07.07.2023 21:50:54 DEBUG io.netty.util.internal.logging.InternalLoggerFactory Using Log4J2 as the default logging framework
07.07.2023 21:50:54 DEBUG io.netty.util.ResourceLeakDetector -Dio.netty.leakDetection.level: sımple
07.07.2023 21:50:54 DEBUG io.netty.util.ResourceLeakDetector -Dio.netty.leakDetection.targetRecords: 4
07.07.2023 21:50:54 DEBUG io.netty.util.ResourceLeakDetectorFactory Loaded default ResourceLeakDetector: io.netty.util.ResourceLeakDetector@7bfc3126
07.07.2023 21:50:54 DEBUG io.netty.util.internal.PlatformDependent0 -Dio.netty.noUnsafe: false
07.07.2023 21:50:54 DEBUG io.netty.util.internal.PlatformDependent0 Java version: 19
07.07.2023 21:50:54 DEBUG io.netty.util.internal.PlatformDependent0 sun.misc.Unsafe.theUnsafe: available
07.07.2023 21:50:54 DEBUG io.netty.util.internal.PlatformDependent0 sun.misc.Unsafe.copyMemory: available
07.07.2023 21:50:54 DEBUG io.netty.util.internal.PlatformDependent0 sun.misc.Unsafe.storeFence: available
07.07.2023 21:50:54 DEBUG io.netty.util.internal.PlatformDependent0 java.nio.Buffer.address: available
07.07.2023 21:50:54 DEBUG io.netty.util.internal.PlatformDependent0 direct buffer constructor: unavailable: Reflective setAccessible(true) disabled
07.07.2023 21:50:54 DEBUG io.netty.util.internal.PlatformDependent0 java.nio.Bits.unaligned: available, true
07.07.2023 21:50:54 DEBUG io.netty.util.internal.PlatformDependent0 jdk.internal.misc.Unsafe.allocateUninitializedArray(int): unavailable: class io.netty.util.internal.PlatformDependent0$7 cannot access class jdk.internal.misc.Unsafe (in module java.base) because module java.base does not export jdk.internal.misc to unnamed module @7382f612
07.07.2023 21:50:54 DEBUG io.netty.util.internal.PlatformDependent0 java.nio.DirectByteBuffer.<init>(long, int): unavailable
07.07.2023 21:50:54 DEBUG io.netty.util.internal.PlatformDependent sun.misc.Unsafe: available
07.07.2023 21:50:54 DEBUG io.netty.util.internal.PlatformDependent maxDirectMemory: 4282384384 bytes (maybe)
07.07.2023 21:50:54 DEBUG io.netty.util.internal.PlatformDependent -Dio.netty.tmpdir: C:\Users\A\AppData\Local\Temp (java.io.tmpdir)
07.07.2023 21:50:54 DEBUG io.netty.util.internal.PlatformDependent -Dio.netty.bitMode: 64 (sun.arch.data.model)
07.07.2023 21:50:54 DEBUG io.netty.util.internal.PlatformDependent Platform: Windows
07.07.2023 21:50:54 DEBUG io.netty.util.internal.PlatformDependent -Dio.netty.maxDirectMemory: -1 bytes
07.07.2023 21:50:54 DEBUG io.netty.util.internal.PlatformDependent -Dio.netty.uninitializedArrayAllocationThreshold: -1
07.07.2023 21:50:54 DEBUG io.netty.util.internal.CleanerJava9 java.nio.ByteBuffer.cleaner(): available
07.07.2023 21:50:54 DEBUG io.netty.util.internal.PlatformDependent -Dio.netty.noPreferDirect: false
07.07.2023 21:50:54 DEBUG io.netty.util.internal.PlatformDependent org.jctools-core.MpscChunkedArrayQueue: available
07.07.2023 21:50:54 DEBUG io.netty.util.internal.InternalThreadLocalMap -Dio.netty.threadLocalMap.stringBuilder.initialSize: 1024
07.07.2023 21:50:54 DEBUG io.netty.util.internal.InternalThreadLocalMap -Dio.netty.threadLocalMap.stringBuilder.maxSize: 4096
07.07.2023 21:50:54 DEBUG io.netty.handler.ssl.JdkSslContext Default protocols (JDK): [TLSv1.3, TLSv1.2] 
07.07.2023 21:50:54 DEBUG io.netty.handler.ssl.JdkSslContext Default cipher suites (JDK): [TLS_ECDHE_ECDSA_WITH_AES_256_GCM_SHA384, TLS_ECDHE_ECDSA_WITH_AES_128_GCM_SHA256, TLS_ECDHE_RSA_WITH_AES_128_GCM_SHA256, TLS_ECDHE_RSA_WITH_AES_256_GCM_SHA384, TLS_ECDHE_RSA_WITH_AES_128_CBC_SHA, TLS_ECDHE_RSA_WITH_AES_256_CBC_SHA, TLS_RSA_WITH_AES_128_GCM_SHA256, TLS_RSA_WITH_AES_128_CBC_SHA, TLS_RSA_WITH_AES_256_CBC_SHA, TLS_AES_128_GCM_SHA256, TLS_AES_256_GCM_SHA384]
07.07.2023 21:50:54 DEBUG io.netty.util.concurrent.GlobalEventExecutor -Dio.netty.globalEventExecutor.quietPeriodSeconds: 1
07.07.2023 21:50:54 DEBUG io.netty.channel.MultithreadEventLoopGroup -Dio.netty.eventLoopThreads: 24
07.07.2023 21:50:54 DEBUG io.netty.channel.nio.NioEventLoop -Dio.netty.noKeySetOptimization: false
07.07.2023 21:50:54 DEBUG io.netty.channel.nio.NioEventLoop -Dio.netty.selectorAutoRebuildThreshold: 512
07.07.2023 21:50:54 DEBUG io.netty.buffer.PooledByteBufAllocator -Dio.netty.allocator.numHeapArenas: 24
07.07.2023 21:50:54 DEBUG io.netty.buffer.PooledByteBufAllocator -Dio.netty.allocator.numDirectArenas: 24
07.07.2023 21:50:54 DEBUG io.netty.buffer.PooledByteBufAllocator -Dio.netty.allocator.pageSize: 8192
07.07.2023 21:50:54 DEBUG io.netty.buffer.PooledByteBufAllocator -Dio.netty.allocator.maxOrder: 9
07.07.2023 21:50:54 DEBUG io.netty.buffer.PooledByteBufAllocator -Dio.netty.allocator.chunkSize: 4194304
07.07.2023 21:50:54 DEBUG io.netty.buffer.PooledByteBufAllocator -Dio.netty.allocator.smallCacheSize: 256
07.07.2023 21:50:54 DEBUG io.netty.buffer.PooledByteBufAllocator -Dio.netty.allocator.normalCacheSize: 64
07.07.2023 21:50:54 DEBUG io.netty.buffer.PooledByteBufAllocator -Dio.netty.allocator.maxCachedBufferCapacity: 32768
07.07.2023 21:50:54 DEBUG io.netty.buffer.PooledByteBufAllocator -Dio.netty.allocator.cacheTrimInterval: 8192
07.07.2023 21:50:54 DEBUG io.netty.buffer.PooledByteBufAllocator -Dio.netty.allocator.cacheTrimIntervalMillis: 0
07.07.2023 21:50:54 DEBUG io.netty.buffer.PooledByteBufAllocator -Dio.netty.allocator.useCacheForAllThreads: false
07.07.2023 21:50:54 DEBUG io.netty.buffer.PooledByteBufAllocator -Dio.netty.allocator.maxCachedByteBuffersPerChunk: 1023
07.07.2023 21:50:54 DEBUG io.netty.buffer.ByteBufUtil -Dio.netty.allocator.type: pooled
07.07.2023 21:50:54 DEBUG io.netty.buffer.ByteBufUtil -Dio.netty.threadLocalDirectBufferSize: 0
07.07.2023 21:50:54 DEBUG io.netty.buffer.ByteBufUtil -Dio.netty.maxThreadLocalCharBufferSize: 16384
07.07.2023 21:50:54 DEBUG io.netty.channel.DefaultChannelId -Dio.netty.processId: 11392 (auto-detected)
07.07.2023 21:50:54 DEBUG io.netty.util.NetUtil -Djava.net.preferIPv4Stack: false
07.07.2023 21:50:54 DEBUG io.netty.util.NetUtil -Djava.net.preferIPv6Addresses: false
07.07.2023 21:50:54 DEBUG io.netty.util.NetUtilInitializations Loopback interface: lo (Software Loopback Interface 1, 127.0.0.1)
07.07.2023 21:50:54 DEBUG io.netty.util.NetUtil Failed to get SOMAXCONN from sysctl and file \proc\sys\net\core\somaxconn. Default: 200
07.07.2023 21:50:54 DEBUG io.netty.channel.DefaultChannelId -Dio.netty.machineId: 00:d8:61:ff:fe:37:0a:b1 (auto-detected)
07.07.2023 21:50:54 DEBUG io.netty.buffer.AbstractByteBuf -Dio.netty.buffer.checkAccessible: true
07.07.2023 21:50:54 DEBUG io.netty.buffer.AbstractByteBuf -Dio.netty.buffer.checkBounds: true
07.07.2023 21:50:54 DEBUG io.netty.util.ResourceLeakDetectorFactory Loaded default ResourceLeakDetector: io.netty.util.ResourceLeakDetector@3d1df7f7
07.07.2023 21:50:54 DEBUG io.netty.util.Recycler -Dio.netty.recycler.maxCapacityPerThread: 4096
07.07.2023 21:50:54 DEBUG io.netty.util.Recycler -Dio.netty.recycler.ratio: 8
07.07.2023 21:50:54 DEBUG io.netty.util.Recycler -Dio.netty.recycler.chunkSize: 32
07.07.2023 21:50:54 DEBUG io.netty.util.Recycler -Dio.netty.recycler.blocking: false
07.07.2023 21:50:54 DEBUG io.netty.util.Recycler -Dio.netty.recycler.batchFastThreadLocalOnly: true
07.07.2023 21:50:55 DEBUG io.netty.handler.codec.compression.Brotli brotli4j not in the classpath; Brotli support will be unavailable.
07.07.2023 21:50:55 DEBUG io.netty.util.internal.ThreadLocalRandom -Dio.netty.initialSeedUniquifier: 0x52501b8971cb1f57
07.07.2023 21:50:57 INFO  techproed.day23_Log4j.C02_Log4j Techpro sayfasına gidildi.
07.07.2023 21:50:58 INFO  techproed.day23_Log4j.C02_Log4j Sayfada çıkan reklam kapatıldı.
07.07.2023 21:50:58 ERROR techproed.day23_Log4j.C02_Log4j Sayfa başlığı Egitim yazisi içermiyor
